<?xml version="1.0" encoding="UTF-8"?>
<!-- Generated by org.testng.reporters.JUnitXMLReporter -->
<testsuite ignored="0" hostname="Subesh" failures="6" tests="6" name="Default test" time="46.814" errors="0" timestamp="2025-12-29T01:28:09 IST">
  <testcase classname="exam2.Slidertest" name="TC_02_validate_Watch_Tailer_Button_FrontTopTenVsSliderMovies" time="43.608">
    <failure type="java.lang.AssertionError" message="The following asserts failed:
	Description missing for ,
	Description missing for ,
	Description missing for Brat,
	Description missing for Brat,
	Description missing for Brat,
	Description missing for Brat,
	Duplicate or missing movie at slider index: 3,
	Duplicate or missing movie at slider index: 3,
	Duplicate or missing movie at slider index: 3,
	Duplicate or missing movie at slider index: 3,
	Duplicate or missing movie at slider index: 4,
	Duplicate or missing movie at slider index: 4,
	Duplicate or missing movie at slider index: 4,
	Duplicate or missing movie at slider index: 4,
	Duplicate or missing movie at slider index: 4,
	Duplicate or missing movie at slider index: 4,
	Duplicate or missing movie at slider index: 5,
	Duplicate or missing movie at slider index: 5,
	Duplicate or missing movie at slider index: 5,
	Duplicate or missing movie at slider index: 5,
	Duplicate or missing movie at slider index: 5,
	Duplicate or missing movie at slider index: 5,
	Duplicate or missing movie at slider index: 6,
	Duplicate or missing movie at slider index: 6,
	Duplicate or missing movie at slider index: 6,
	Duplicate or missing movie at slider index: 6,
	Duplicate or missing movie at slider index: 6,
	Duplicate or missing movie at slider index: 6,
	Duplicate or missing movie at slider index: 7,
	Duplicate or missing movie at slider index: 7,
	Duplicate or missing movie at slider index: 7,
	Duplicate or missing movie at slider index: 7,
	Duplicate or missing movie at slider index: 7,
	Duplicate or missing movie at slider index: 7,
	Duplicate or missing movie at slider index: 8,
	Duplicate or missing movie at slider index: 8,
	Duplicate or missing movie at slider index: 8,
	Duplicate or missing movie at slider index: 8,
	Duplicate or missing movie at slider index: 8,
	Duplicate or missing movie at slider index: 8,
	Duplicate or missing movie at slider index: 9,
	Duplicate or missing movie at slider index: 9,
	Duplicate or missing movie at slider index: 9,
	Duplicate or missing movie at slider index: 9,
	Duplicate or missing movie at slider index: 9,
	Duplicate or missing movie at slider index: 9,
	Movie count mismatch expected [10] but found [4],
	Mismatch at index 2 Front: OTHERS Slider: Together expected [true] but found [false],
	Mismatch at index 3 Front: Mission: Impossible Slider: Kantara - A Legend: Chapter 1 expected [true] but found [false]">
      <![CDATA[java.lang.AssertionError: The following asserts failed:
Description missing for ,
Description missing for ,
Description missing for Brat,
Description missing for Brat,
Description missing for Brat,
Description missing for Brat,
Duplicate or missing movie at slider index: 3,
Duplicate or missing movie at slider index: 3,
Duplicate or missing movie at slider index: 3,
Duplicate or missing movie at slider index: 3,
Duplicate or missing movie at slider index: 4,
Duplicate or missing movie at slider index: 4,
Duplicate or missing movie at slider index: 4,
Duplicate or missing movie at slider index: 4,
Duplicate or missing movie at slider index: 4,
Duplicate or missing movie at slider index: 4,
Duplicate or missing movie at slider index: 5,
Duplicate or missing movie at slider index: 5,
Duplicate or missing movie at slider index: 5,
Duplicate or missing movie at slider index: 5,
Duplicate or missing movie at slider index: 5,
Duplicate or missing movie at slider index: 5,
Duplicate or missing movie at slider index: 6,
Duplicate or missing movie at slider index: 6,
Duplicate or missing movie at slider index: 6,
Duplicate or missing movie at slider index: 6,
Duplicate or missing movie at slider index: 6,
Duplicate or missing movie at slider index: 6,
Duplicate or missing movie at slider index: 7,
Duplicate or missing movie at slider index: 7,
Duplicate or missing movie at slider index: 7,
Duplicate or missing movie at slider index: 7,
Duplicate or missing movie at slider index: 7,
Duplicate or missing movie at slider index: 7,
Duplicate or missing movie at slider index: 8,
Duplicate or missing movie at slider index: 8,
Duplicate or missing movie at slider index: 8,
Duplicate or missing movie at slider index: 8,
Duplicate or missing movie at slider index: 8,
Duplicate or missing movie at slider index: 8,
Duplicate or missing movie at slider index: 9,
Duplicate or missing movie at slider index: 9,
Duplicate or missing movie at slider index: 9,
Duplicate or missing movie at slider index: 9,
Duplicate or missing movie at slider index: 9,
Duplicate or missing movie at slider index: 9,
Movie count mismatch expected [10] but found [4],
Mismatch at index 2 Front: OTHERS Slider: Together expected [true] but found [false],
Mismatch at index 3 Front: Mission: Impossible Slider: Kantara - A Legend: Chapter 1 expected [true] but found [false]
at org.testng.asserts.SoftAssert.assertAll(SoftAssert.java:46)
at org.testng.asserts.SoftAssert.assertAll(SoftAssert.java:30)
at exam2.Slidertest.TC_02_validate_Watch_Tailer_Button_FrontTopTenVsSliderMovies(Slidertest.java:129)
at java.base/jdk.internal.reflect.DirectMethodHandleAccessor.invoke(DirectMethodHandleAccessor.java:104)
at java.base/java.lang.reflect.Method.invoke(Method.java:565)
at org.testng.internal.invokers.MethodInvocationHelper.invokeMethod(MethodInvocationHelper.java:141)
at org.testng.internal.invokers.TestInvoker.invokeMethod(TestInvoker.java:687)
at org.testng.internal.invokers.TestInvoker.invokeTestMethod(TestInvoker.java:230)
at org.testng.internal.invokers.TestMethodWithDataProviderMethodWorker.call(TestMethodWithDataProviderMethodWorker.java:81)
at org.testng.internal.thread.Async$AsyncTask.run(Async.java:34)
at java.base/java.util.concurrent.ThreadPoolExecutor.runWorker(ThreadPoolExecutor.java:1090)
at java.base/java.util.concurrent.ThreadPoolExecutor$Worker.run(ThreadPoolExecutor.java:614)
at java.base/java.lang.Thread.run(Thread.java:1474)
]]>
    </failure>
  </testcase> <!-- TC_02_validate_Watch_Tailer_Button_FrontTopTenVsSliderMovies -->
  <testcase classname="exam2.Slidertest" name="TC_02_validate_Watch_Tailer_Button_FrontTopTenVsSliderMovies" time="43.928">
    <failure type="java.lang.AssertionError" message="The following asserts failed:
	Description missing for ,
	Description missing for ,
	Description missing for Brat,
	Description missing for Brat,
	Description missing for Brat,
	Description missing for Brat,
	Duplicate or missing movie at slider index: 3,
	Duplicate or missing movie at slider index: 3,
	Duplicate or missing movie at slider index: 3,
	Duplicate or missing movie at slider index: 3,
	Duplicate or missing movie at slider index: 4,
	Duplicate or missing movie at slider index: 4,
	Duplicate or missing movie at slider index: 4,
	Duplicate or missing movie at slider index: 4,
	Duplicate or missing movie at slider index: 4,
	Duplicate or missing movie at slider index: 4,
	Duplicate or missing movie at slider index: 5,
	Duplicate or missing movie at slider index: 5,
	Duplicate or missing movie at slider index: 5,
	Duplicate or missing movie at slider index: 5,
	Duplicate or missing movie at slider index: 5,
	Duplicate or missing movie at slider index: 5,
	Duplicate or missing movie at slider index: 6,
	Duplicate or missing movie at slider index: 6,
	Duplicate or missing movie at slider index: 6,
	Duplicate or missing movie at slider index: 6,
	Duplicate or missing movie at slider index: 6,
	Duplicate or missing movie at slider index: 6,
	Duplicate or missing movie at slider index: 7,
	Duplicate or missing movie at slider index: 7,
	Duplicate or missing movie at slider index: 7,
	Duplicate or missing movie at slider index: 7,
	Duplicate or missing movie at slider index: 7,
	Duplicate or missing movie at slider index: 7,
	Duplicate or missing movie at slider index: 8,
	Duplicate or missing movie at slider index: 8,
	Duplicate or missing movie at slider index: 8,
	Duplicate or missing movie at slider index: 8,
	Duplicate or missing movie at slider index: 8,
	Duplicate or missing movie at slider index: 8,
	Duplicate or missing movie at slider index: 9,
	Duplicate or missing movie at slider index: 9,
	Duplicate or missing movie at slider index: 9,
	Duplicate or missing movie at slider index: 9,
	Duplicate or missing movie at slider index: 9,
	Duplicate or missing movie at slider index: 9,
	Movie count mismatch expected [10] but found [4],
	Mismatch at index 2 Front: OTHERS Slider: Together expected [true] but found [false],
	Mismatch at index 3 Front: Mission: Impossible Slider: Kantara - A Legend: Chapter 1 expected [true] but found [false],
	Movie count mismatch expected [10] but found [4],
	Mismatch at index 2 Front: OTHERS Slider: Together expected [true] but found [false],
	Mismatch at index 3 Front: Mission: Impossible Slider: Kantara - A Legend: Chapter 1 expected [true] but found [false]">
      <![CDATA[java.lang.AssertionError: The following asserts failed:
Description missing for ,
Description missing for ,
Description missing for Brat,
Description missing for Brat,
Description missing for Brat,
Description missing for Brat,
Duplicate or missing movie at slider index: 3,
Duplicate or missing movie at slider index: 3,
Duplicate or missing movie at slider index: 3,
Duplicate or missing movie at slider index: 3,
Duplicate or missing movie at slider index: 4,
Duplicate or missing movie at slider index: 4,
Duplicate or missing movie at slider index: 4,
Duplicate or missing movie at slider index: 4,
Duplicate or missing movie at slider index: 4,
Duplicate or missing movie at slider index: 4,
Duplicate or missing movie at slider index: 5,
Duplicate or missing movie at slider index: 5,
Duplicate or missing movie at slider index: 5,
Duplicate or missing movie at slider index: 5,
Duplicate or missing movie at slider index: 5,
Duplicate or missing movie at slider index: 5,
Duplicate or missing movie at slider index: 6,
Duplicate or missing movie at slider index: 6,
Duplicate or missing movie at slider index: 6,
Duplicate or missing movie at slider index: 6,
Duplicate or missing movie at slider index: 6,
Duplicate or missing movie at slider index: 6,
Duplicate or missing movie at slider index: 7,
Duplicate or missing movie at slider index: 7,
Duplicate or missing movie at slider index: 7,
Duplicate or missing movie at slider index: 7,
Duplicate or missing movie at slider index: 7,
Duplicate or missing movie at slider index: 7,
Duplicate or missing movie at slider index: 8,
Duplicate or missing movie at slider index: 8,
Duplicate or missing movie at slider index: 8,
Duplicate or missing movie at slider index: 8,
Duplicate or missing movie at slider index: 8,
Duplicate or missing movie at slider index: 8,
Duplicate or missing movie at slider index: 9,
Duplicate or missing movie at slider index: 9,
Duplicate or missing movie at slider index: 9,
Duplicate or missing movie at slider index: 9,
Duplicate or missing movie at slider index: 9,
Duplicate or missing movie at slider index: 9,
Movie count mismatch expected [10] but found [4],
Mismatch at index 2 Front: OTHERS Slider: Together expected [true] but found [false],
Mismatch at index 3 Front: Mission: Impossible Slider: Kantara - A Legend: Chapter 1 expected [true] but found [false],
Movie count mismatch expected [10] but found [4],
Mismatch at index 2 Front: OTHERS Slider: Together expected [true] but found [false],
Mismatch at index 3 Front: Mission: Impossible Slider: Kantara - A Legend: Chapter 1 expected [true] but found [false]
at org.testng.asserts.SoftAssert.assertAll(SoftAssert.java:46)
at org.testng.asserts.SoftAssert.assertAll(SoftAssert.java:30)
at exam2.Slidertest.TC_02_validate_Watch_Tailer_Button_FrontTopTenVsSliderMovies(Slidertest.java:129)
at java.base/jdk.internal.reflect.DirectMethodHandleAccessor.invoke(DirectMethodHandleAccessor.java:104)
at java.base/java.lang.reflect.Method.invoke(Method.java:565)
at org.testng.internal.invokers.MethodInvocationHelper.invokeMethod(MethodInvocationHelper.java:141)
at org.testng.internal.invokers.TestInvoker.invokeMethod(TestInvoker.java:687)
at org.testng.internal.invokers.TestInvoker.invokeTestMethod(TestInvoker.java:230)
at org.testng.internal.invokers.TestMethodWithDataProviderMethodWorker.call(TestMethodWithDataProviderMethodWorker.java:81)
at org.testng.internal.thread.Async$AsyncTask.run(Async.java:34)
at java.base/java.util.concurrent.ThreadPoolExecutor.runWorker(ThreadPoolExecutor.java:1090)
at java.base/java.util.concurrent.ThreadPoolExecutor$Worker.run(ThreadPoolExecutor.java:614)
at java.base/java.lang.Thread.run(Thread.java:1474)
]]>
    </failure>
  </testcase> <!-- TC_02_validate_Watch_Tailer_Button_FrontTopTenVsSliderMovies -->
  <testcase classname="exam2.Slidertest" name="TC_02_validate_Watch_Tailer_Button_FrontTopTenVsSliderMovies" time="44.162">
    <failure type="java.lang.AssertionError" message="The following asserts failed:
	Description missing for ,
	Description missing for ,
	Description missing for Brat,
	Description missing for Brat,
	Description missing for Brat,
	Description missing for Brat,
	Duplicate or missing movie at slider index: 3,
	Duplicate or missing movie at slider index: 3,
	Duplicate or missing movie at slider index: 3,
	Duplicate or missing movie at slider index: 3,
	Duplicate or missing movie at slider index: 4,
	Duplicate or missing movie at slider index: 4,
	Duplicate or missing movie at slider index: 4,
	Duplicate or missing movie at slider index: 4,
	Duplicate or missing movie at slider index: 4,
	Duplicate or missing movie at slider index: 4,
	Duplicate or missing movie at slider index: 5,
	Duplicate or missing movie at slider index: 5,
	Duplicate or missing movie at slider index: 5,
	Duplicate or missing movie at slider index: 5,
	Duplicate or missing movie at slider index: 5,
	Duplicate or missing movie at slider index: 5,
	Duplicate or missing movie at slider index: 6,
	Duplicate or missing movie at slider index: 6,
	Duplicate or missing movie at slider index: 6,
	Duplicate or missing movie at slider index: 6,
	Duplicate or missing movie at slider index: 6,
	Duplicate or missing movie at slider index: 6,
	Duplicate or missing movie at slider index: 7,
	Duplicate or missing movie at slider index: 7,
	Duplicate or missing movie at slider index: 7,
	Duplicate or missing movie at slider index: 7,
	Duplicate or missing movie at slider index: 7,
	Duplicate or missing movie at slider index: 7,
	Duplicate or missing movie at slider index: 8,
	Duplicate or missing movie at slider index: 8,
	Duplicate or missing movie at slider index: 8,
	Duplicate or missing movie at slider index: 8,
	Duplicate or missing movie at slider index: 8,
	Duplicate or missing movie at slider index: 8,
	Duplicate or missing movie at slider index: 9,
	Duplicate or missing movie at slider index: 9,
	Duplicate or missing movie at slider index: 9,
	Duplicate or missing movie at slider index: 9,
	Duplicate or missing movie at slider index: 9,
	Duplicate or missing movie at slider index: 9,
	Movie count mismatch expected [10] but found [4],
	Mismatch at index 2 Front: OTHERS Slider: Together expected [true] but found [false],
	Mismatch at index 3 Front: Mission: Impossible Slider: Kantara - A Legend: Chapter 1 expected [true] but found [false],
	Movie count mismatch expected [10] but found [4],
	Mismatch at index 2 Front: OTHERS Slider: Together expected [true] but found [false],
	Mismatch at index 3 Front: Mission: Impossible Slider: Kantara - A Legend: Chapter 1 expected [true] but found [false],
	Movie count mismatch expected [10] but found [3],
	Mismatch at index 1 Front: Santhana Prapthirasthu Slider: Brat expected [true] but found [false],
	Mismatch at index 2 Front: OTHERS Slider: Kantara - A Legend: Chapter 1 expected [true] but found [false]">
      <![CDATA[java.lang.AssertionError: The following asserts failed:
Description missing for ,
Description missing for ,
Description missing for Brat,
Description missing for Brat,
Description missing for Brat,
Description missing for Brat,
Duplicate or missing movie at slider index: 3,
Duplicate or missing movie at slider index: 3,
Duplicate or missing movie at slider index: 3,
Duplicate or missing movie at slider index: 3,
Duplicate or missing movie at slider index: 4,
Duplicate or missing movie at slider index: 4,
Duplicate or missing movie at slider index: 4,
Duplicate or missing movie at slider index: 4,
Duplicate or missing movie at slider index: 4,
Duplicate or missing movie at slider index: 4,
Duplicate or missing movie at slider index: 5,
Duplicate or missing movie at slider index: 5,
Duplicate or missing movie at slider index: 5,
Duplicate or missing movie at slider index: 5,
Duplicate or missing movie at slider index: 5,
Duplicate or missing movie at slider index: 5,
Duplicate or missing movie at slider index: 6,
Duplicate or missing movie at slider index: 6,
Duplicate or missing movie at slider index: 6,
Duplicate or missing movie at slider index: 6,
Duplicate or missing movie at slider index: 6,
Duplicate or missing movie at slider index: 6,
Duplicate or missing movie at slider index: 7,
Duplicate or missing movie at slider index: 7,
Duplicate or missing movie at slider index: 7,
Duplicate or missing movie at slider index: 7,
Duplicate or missing movie at slider index: 7,
Duplicate or missing movie at slider index: 7,
Duplicate or missing movie at slider index: 8,
Duplicate or missing movie at slider index: 8,
Duplicate or missing movie at slider index: 8,
Duplicate or missing movie at slider index: 8,
Duplicate or missing movie at slider index: 8,
Duplicate or missing movie at slider index: 8,
Duplicate or missing movie at slider index: 9,
Duplicate or missing movie at slider index: 9,
Duplicate or missing movie at slider index: 9,
Duplicate or missing movie at slider index: 9,
Duplicate or missing movie at slider index: 9,
Duplicate or missing movie at slider index: 9,
Movie count mismatch expected [10] but found [4],
Mismatch at index 2 Front: OTHERS Slider: Together expected [true] but found [false],
Mismatch at index 3 Front: Mission: Impossible Slider: Kantara - A Legend: Chapter 1 expected [true] but found [false],
Movie count mismatch expected [10] but found [4],
Mismatch at index 2 Front: OTHERS Slider: Together expected [true] but found [false],
Mismatch at index 3 Front: Mission: Impossible Slider: Kantara - A Legend: Chapter 1 expected [true] but found [false],
Movie count mismatch expected [10] but found [3],
Mismatch at index 1 Front: Santhana Prapthirasthu Slider: Brat expected [true] but found [false],
Mismatch at index 2 Front: OTHERS Slider: Kantara - A Legend: Chapter 1 expected [true] but found [false]
at org.testng.asserts.SoftAssert.assertAll(SoftAssert.java:46)
at org.testng.asserts.SoftAssert.assertAll(SoftAssert.java:30)
at exam2.Slidertest.TC_02_validate_Watch_Tailer_Button_FrontTopTenVsSliderMovies(Slidertest.java:129)
at java.base/jdk.internal.reflect.DirectMethodHandleAccessor.invoke(DirectMethodHandleAccessor.java:104)
at java.base/java.lang.reflect.Method.invoke(Method.java:565)
at org.testng.internal.invokers.MethodInvocationHelper.invokeMethod(MethodInvocationHelper.java:141)
at org.testng.internal.invokers.TestInvoker.invokeMethod(TestInvoker.java:687)
at org.testng.internal.invokers.TestInvoker.invokeTestMethod(TestInvoker.java:230)
at org.testng.internal.invokers.TestMethodWithDataProviderMethodWorker.call(TestMethodWithDataProviderMethodWorker.java:81)
at org.testng.internal.thread.Async$AsyncTask.run(Async.java:34)
at java.base/java.util.concurrent.ThreadPoolExecutor.runWorker(ThreadPoolExecutor.java:1090)
at java.base/java.util.concurrent.ThreadPoolExecutor$Worker.run(ThreadPoolExecutor.java:614)
at java.base/java.lang.Thread.run(Thread.java:1474)
]]>
    </failure>
  </testcase> <!-- TC_02_validate_Watch_Tailer_Button_FrontTopTenVsSliderMovies -->
  <testcase classname="exam2.Slidertest" name="TC_02_validate_Watch_Tailer_Button_FrontTopTenVsSliderMovies" time="44.162">
    <failure type="java.lang.AssertionError" message="The following asserts failed:
	Description missing for ,
	Description missing for ,
	Description missing for Brat,
	Description missing for Brat,
	Description missing for Brat,
	Description missing for Brat,
	Duplicate or missing movie at slider index: 3,
	Duplicate or missing movie at slider index: 3,
	Duplicate or missing movie at slider index: 3,
	Duplicate or missing movie at slider index: 3,
	Duplicate or missing movie at slider index: 4,
	Duplicate or missing movie at slider index: 4,
	Duplicate or missing movie at slider index: 4,
	Duplicate or missing movie at slider index: 4,
	Duplicate or missing movie at slider index: 4,
	Duplicate or missing movie at slider index: 4,
	Duplicate or missing movie at slider index: 5,
	Duplicate or missing movie at slider index: 5,
	Duplicate or missing movie at slider index: 5,
	Duplicate or missing movie at slider index: 5,
	Duplicate or missing movie at slider index: 5,
	Duplicate or missing movie at slider index: 5,
	Duplicate or missing movie at slider index: 6,
	Duplicate or missing movie at slider index: 6,
	Duplicate or missing movie at slider index: 6,
	Duplicate or missing movie at slider index: 6,
	Duplicate or missing movie at slider index: 6,
	Duplicate or missing movie at slider index: 6,
	Duplicate or missing movie at slider index: 7,
	Duplicate or missing movie at slider index: 7,
	Duplicate or missing movie at slider index: 7,
	Duplicate or missing movie at slider index: 7,
	Duplicate or missing movie at slider index: 7,
	Duplicate or missing movie at slider index: 7,
	Duplicate or missing movie at slider index: 8,
	Duplicate or missing movie at slider index: 8,
	Duplicate or missing movie at slider index: 8,
	Duplicate or missing movie at slider index: 8,
	Duplicate or missing movie at slider index: 8,
	Duplicate or missing movie at slider index: 8,
	Duplicate or missing movie at slider index: 9,
	Duplicate or missing movie at slider index: 9,
	Duplicate or missing movie at slider index: 9,
	Duplicate or missing movie at slider index: 9,
	Duplicate or missing movie at slider index: 9,
	Duplicate or missing movie at slider index: 9,
	Movie count mismatch expected [10] but found [4],
	Mismatch at index 2 Front: OTHERS Slider: Together expected [true] but found [false],
	Mismatch at index 3 Front: Mission: Impossible Slider: Kantara - A Legend: Chapter 1 expected [true] but found [false],
	Movie count mismatch expected [10] but found [4],
	Mismatch at index 2 Front: OTHERS Slider: Together expected [true] but found [false],
	Mismatch at index 3 Front: Mission: Impossible Slider: Kantara - A Legend: Chapter 1 expected [true] but found [false],
	Movie count mismatch expected [10] but found [3],
	Mismatch at index 1 Front: Santhana Prapthirasthu Slider: Brat expected [true] but found [false],
	Mismatch at index 2 Front: OTHERS Slider: Kantara - A Legend: Chapter 1 expected [true] but found [false],
	Movie count mismatch expected [10] but found [3],
	Mismatch at index 1 Front: Santhana Prapthirasthu Slider: Brat expected [true] but found [false],
	Mismatch at index 2 Front: OTHERS Slider: Kantara - A Legend: Chapter 1 expected [true] but found [false]">
      <![CDATA[java.lang.AssertionError: The following asserts failed:
Description missing for ,
Description missing for ,
Description missing for Brat,
Description missing for Brat,
Description missing for Brat,
Description missing for Brat,
Duplicate or missing movie at slider index: 3,
Duplicate or missing movie at slider index: 3,
Duplicate or missing movie at slider index: 3,
Duplicate or missing movie at slider index: 3,
Duplicate or missing movie at slider index: 4,
Duplicate or missing movie at slider index: 4,
Duplicate or missing movie at slider index: 4,
Duplicate or missing movie at slider index: 4,
Duplicate or missing movie at slider index: 4,
Duplicate or missing movie at slider index: 4,
Duplicate or missing movie at slider index: 5,
Duplicate or missing movie at slider index: 5,
Duplicate or missing movie at slider index: 5,
Duplicate or missing movie at slider index: 5,
Duplicate or missing movie at slider index: 5,
Duplicate or missing movie at slider index: 5,
Duplicate or missing movie at slider index: 6,
Duplicate or missing movie at slider index: 6,
Duplicate or missing movie at slider index: 6,
Duplicate or missing movie at slider index: 6,
Duplicate or missing movie at slider index: 6,
Duplicate or missing movie at slider index: 6,
Duplicate or missing movie at slider index: 7,
Duplicate or missing movie at slider index: 7,
Duplicate or missing movie at slider index: 7,
Duplicate or missing movie at slider index: 7,
Duplicate or missing movie at slider index: 7,
Duplicate or missing movie at slider index: 7,
Duplicate or missing movie at slider index: 8,
Duplicate or missing movie at slider index: 8,
Duplicate or missing movie at slider index: 8,
Duplicate or missing movie at slider index: 8,
Duplicate or missing movie at slider index: 8,
Duplicate or missing movie at slider index: 8,
Duplicate or missing movie at slider index: 9,
Duplicate or missing movie at slider index: 9,
Duplicate or missing movie at slider index: 9,
Duplicate or missing movie at slider index: 9,
Duplicate or missing movie at slider index: 9,
Duplicate or missing movie at slider index: 9,
Movie count mismatch expected [10] but found [4],
Mismatch at index 2 Front: OTHERS Slider: Together expected [true] but found [false],
Mismatch at index 3 Front: Mission: Impossible Slider: Kantara - A Legend: Chapter 1 expected [true] but found [false],
Movie count mismatch expected [10] but found [4],
Mismatch at index 2 Front: OTHERS Slider: Together expected [true] but found [false],
Mismatch at index 3 Front: Mission: Impossible Slider: Kantara - A Legend: Chapter 1 expected [true] but found [false],
Movie count mismatch expected [10] but found [3],
Mismatch at index 1 Front: Santhana Prapthirasthu Slider: Brat expected [true] but found [false],
Mismatch at index 2 Front: OTHERS Slider: Kantara - A Legend: Chapter 1 expected [true] but found [false],
Movie count mismatch expected [10] but found [3],
Mismatch at index 1 Front: Santhana Prapthirasthu Slider: Brat expected [true] but found [false],
Mismatch at index 2 Front: OTHERS Slider: Kantara - A Legend: Chapter 1 expected [true] but found [false]
at org.testng.asserts.SoftAssert.assertAll(SoftAssert.java:46)
at org.testng.asserts.SoftAssert.assertAll(SoftAssert.java:30)
at exam2.Slidertest.TC_02_validate_Watch_Tailer_Button_FrontTopTenVsSliderMovies(Slidertest.java:129)
at java.base/jdk.internal.reflect.DirectMethodHandleAccessor.invoke(DirectMethodHandleAccessor.java:104)
at java.base/java.lang.reflect.Method.invoke(Method.java:565)
at org.testng.internal.invokers.MethodInvocationHelper.invokeMethod(MethodInvocationHelper.java:141)
at org.testng.internal.invokers.TestInvoker.invokeMethod(TestInvoker.java:687)
at org.testng.internal.invokers.TestInvoker.invokeTestMethod(TestInvoker.java:230)
at org.testng.internal.invokers.TestMethodWithDataProviderMethodWorker.call(TestMethodWithDataProviderMethodWorker.java:81)
at org.testng.internal.thread.Async$AsyncTask.run(Async.java:34)
at java.base/java.util.concurrent.ThreadPoolExecutor.runWorker(ThreadPoolExecutor.java:1090)
at java.base/java.util.concurrent.ThreadPoolExecutor$Worker.run(ThreadPoolExecutor.java:614)
at java.base/java.lang.Thread.run(Thread.java:1474)
]]>
    </failure>
  </testcase> <!-- TC_02_validate_Watch_Tailer_Button_FrontTopTenVsSliderMovies -->
  <testcase classname="exam2.Slidertest" name="TC_02_validate_Watch_Tailer_Button_FrontTopTenVsSliderMovies" time="44.296">
    <failure type="java.lang.AssertionError" message="The following asserts failed:
	Description missing for ,
	Description missing for ,
	Description missing for Brat,
	Description missing for Brat,
	Description missing for Brat,
	Description missing for Brat,
	Duplicate or missing movie at slider index: 3,
	Duplicate or missing movie at slider index: 3,
	Duplicate or missing movie at slider index: 3,
	Duplicate or missing movie at slider index: 3,
	Duplicate or missing movie at slider index: 4,
	Duplicate or missing movie at slider index: 4,
	Duplicate or missing movie at slider index: 4,
	Duplicate or missing movie at slider index: 4,
	Duplicate or missing movie at slider index: 4,
	Duplicate or missing movie at slider index: 4,
	Duplicate or missing movie at slider index: 5,
	Duplicate or missing movie at slider index: 5,
	Duplicate or missing movie at slider index: 5,
	Duplicate or missing movie at slider index: 5,
	Duplicate or missing movie at slider index: 5,
	Duplicate or missing movie at slider index: 5,
	Duplicate or missing movie at slider index: 6,
	Duplicate or missing movie at slider index: 6,
	Duplicate or missing movie at slider index: 6,
	Duplicate or missing movie at slider index: 6,
	Duplicate or missing movie at slider index: 6,
	Duplicate or missing movie at slider index: 6,
	Duplicate or missing movie at slider index: 7,
	Duplicate or missing movie at slider index: 7,
	Duplicate or missing movie at slider index: 7,
	Duplicate or missing movie at slider index: 7,
	Duplicate or missing movie at slider index: 7,
	Duplicate or missing movie at slider index: 7,
	Duplicate or missing movie at slider index: 8,
	Duplicate or missing movie at slider index: 8,
	Duplicate or missing movie at slider index: 8,
	Duplicate or missing movie at slider index: 8,
	Duplicate or missing movie at slider index: 8,
	Duplicate or missing movie at slider index: 8,
	Duplicate or missing movie at slider index: 9,
	Duplicate or missing movie at slider index: 9,
	Duplicate or missing movie at slider index: 9,
	Duplicate or missing movie at slider index: 9,
	Duplicate or missing movie at slider index: 9,
	Duplicate or missing movie at slider index: 9,
	Movie count mismatch expected [10] but found [4],
	Mismatch at index 2 Front: OTHERS Slider: Together expected [true] but found [false],
	Mismatch at index 3 Front: Mission: Impossible Slider: Kantara - A Legend: Chapter 1 expected [true] but found [false],
	Movie count mismatch expected [10] but found [4],
	Mismatch at index 2 Front: OTHERS Slider: Together expected [true] but found [false],
	Mismatch at index 3 Front: Mission: Impossible Slider: Kantara - A Legend: Chapter 1 expected [true] but found [false],
	Movie count mismatch expected [10] but found [3],
	Mismatch at index 1 Front: Santhana Prapthirasthu Slider: Brat expected [true] but found [false],
	Mismatch at index 2 Front: OTHERS Slider: Kantara - A Legend: Chapter 1 expected [true] but found [false],
	Movie count mismatch expected [10] but found [3],
	Mismatch at index 1 Front: Santhana Prapthirasthu Slider: Brat expected [true] but found [false],
	Mismatch at index 2 Front: OTHERS Slider: Kantara - A Legend: Chapter 1 expected [true] but found [false],
	Movie count mismatch expected [10] but found [3],
	Mismatch at index 1 Front: Santhana Prapthirasthu Slider: Brat expected [true] but found [false],
	Mismatch at index 2 Front: OTHERS Slider: Kantara - A Legend: Chapter 1 expected [true] but found [false]">
      <![CDATA[java.lang.AssertionError: The following asserts failed:
Description missing for ,
Description missing for ,
Description missing for Brat,
Description missing for Brat,
Description missing for Brat,
Description missing for Brat,
Duplicate or missing movie at slider index: 3,
Duplicate or missing movie at slider index: 3,
Duplicate or missing movie at slider index: 3,
Duplicate or missing movie at slider index: 3,
Duplicate or missing movie at slider index: 4,
Duplicate or missing movie at slider index: 4,
Duplicate or missing movie at slider index: 4,
Duplicate or missing movie at slider index: 4,
Duplicate or missing movie at slider index: 4,
Duplicate or missing movie at slider index: 4,
Duplicate or missing movie at slider index: 5,
Duplicate or missing movie at slider index: 5,
Duplicate or missing movie at slider index: 5,
Duplicate or missing movie at slider index: 5,
Duplicate or missing movie at slider index: 5,
Duplicate or missing movie at slider index: 5,
Duplicate or missing movie at slider index: 6,
Duplicate or missing movie at slider index: 6,
Duplicate or missing movie at slider index: 6,
Duplicate or missing movie at slider index: 6,
Duplicate or missing movie at slider index: 6,
Duplicate or missing movie at slider index: 6,
Duplicate or missing movie at slider index: 7,
Duplicate or missing movie at slider index: 7,
Duplicate or missing movie at slider index: 7,
Duplicate or missing movie at slider index: 7,
Duplicate or missing movie at slider index: 7,
Duplicate or missing movie at slider index: 7,
Duplicate or missing movie at slider index: 8,
Duplicate or missing movie at slider index: 8,
Duplicate or missing movie at slider index: 8,
Duplicate or missing movie at slider index: 8,
Duplicate or missing movie at slider index: 8,
Duplicate or missing movie at slider index: 8,
Duplicate or missing movie at slider index: 9,
Duplicate or missing movie at slider index: 9,
Duplicate or missing movie at slider index: 9,
Duplicate or missing movie at slider index: 9,
Duplicate or missing movie at slider index: 9,
Duplicate or missing movie at slider index: 9,
Movie count mismatch expected [10] but found [4],
Mismatch at index 2 Front: OTHERS Slider: Together expected [true] but found [false],
Mismatch at index 3 Front: Mission: Impossible Slider: Kantara - A Legend: Chapter 1 expected [true] but found [false],
Movie count mismatch expected [10] but found [4],
Mismatch at index 2 Front: OTHERS Slider: Together expected [true] but found [false],
Mismatch at index 3 Front: Mission: Impossible Slider: Kantara - A Legend: Chapter 1 expected [true] but found [false],
Movie count mismatch expected [10] but found [3],
Mismatch at index 1 Front: Santhana Prapthirasthu Slider: Brat expected [true] but found [false],
Mismatch at index 2 Front: OTHERS Slider: Kantara - A Legend: Chapter 1 expected [true] but found [false],
Movie count mismatch expected [10] but found [3],
Mismatch at index 1 Front: Santhana Prapthirasthu Slider: Brat expected [true] but found [false],
Mismatch at index 2 Front: OTHERS Slider: Kantara - A Legend: Chapter 1 expected [true] but found [false],
Movie count mismatch expected [10] but found [3],
Mismatch at index 1 Front: Santhana Prapthirasthu Slider: Brat expected [true] but found [false],
Mismatch at index 2 Front: OTHERS Slider: Kantara - A Legend: Chapter 1 expected [true] but found [false]
at org.testng.asserts.SoftAssert.assertAll(SoftAssert.java:46)
at org.testng.asserts.SoftAssert.assertAll(SoftAssert.java:30)
at exam2.Slidertest.TC_02_validate_Watch_Tailer_Button_FrontTopTenVsSliderMovies(Slidertest.java:129)
at java.base/jdk.internal.reflect.DirectMethodHandleAccessor.invoke(DirectMethodHandleAccessor.java:104)
at java.base/java.lang.reflect.Method.invoke(Method.java:565)
at org.testng.internal.invokers.MethodInvocationHelper.invokeMethod(MethodInvocationHelper.java:141)
at org.testng.internal.invokers.TestInvoker.invokeMethod(TestInvoker.java:687)
at org.testng.internal.invokers.TestInvoker.invokeTestMethod(TestInvoker.java:230)
at org.testng.internal.invokers.TestMethodWithDataProviderMethodWorker.call(TestMethodWithDataProviderMethodWorker.java:81)
at org.testng.internal.thread.Async$AsyncTask.run(Async.java:34)
at java.base/java.util.concurrent.ThreadPoolExecutor.runWorker(ThreadPoolExecutor.java:1090)
at java.base/java.util.concurrent.ThreadPoolExecutor$Worker.run(ThreadPoolExecutor.java:614)
at java.base/java.lang.Thread.run(Thread.java:1474)
]]>
    </failure>
  </testcase> <!-- TC_02_validate_Watch_Tailer_Button_FrontTopTenVsSliderMovies -->
  <testcase classname="exam2.Slidertest" name="TC_02_validate_Watch_Tailer_Button_FrontTopTenVsSliderMovies" time="44.351">
    <failure type="java.lang.AssertionError" message="The following asserts failed:
	Description missing for ,
	Description missing for ,
	Description missing for Brat,
	Description missing for Brat,
	Description missing for Brat,
	Description missing for Brat,
	Duplicate or missing movie at slider index: 3,
	Duplicate or missing movie at slider index: 3,
	Duplicate or missing movie at slider index: 3,
	Duplicate or missing movie at slider index: 3,
	Duplicate or missing movie at slider index: 4,
	Duplicate or missing movie at slider index: 4,
	Duplicate or missing movie at slider index: 4,
	Duplicate or missing movie at slider index: 4,
	Duplicate or missing movie at slider index: 4,
	Duplicate or missing movie at slider index: 4,
	Duplicate or missing movie at slider index: 5,
	Duplicate or missing movie at slider index: 5,
	Duplicate or missing movie at slider index: 5,
	Duplicate or missing movie at slider index: 5,
	Duplicate or missing movie at slider index: 5,
	Duplicate or missing movie at slider index: 5,
	Duplicate or missing movie at slider index: 6,
	Duplicate or missing movie at slider index: 6,
	Duplicate or missing movie at slider index: 6,
	Duplicate or missing movie at slider index: 6,
	Duplicate or missing movie at slider index: 6,
	Duplicate or missing movie at slider index: 6,
	Duplicate or missing movie at slider index: 7,
	Duplicate or missing movie at slider index: 7,
	Duplicate or missing movie at slider index: 7,
	Duplicate or missing movie at slider index: 7,
	Duplicate or missing movie at slider index: 7,
	Duplicate or missing movie at slider index: 7,
	Duplicate or missing movie at slider index: 8,
	Duplicate or missing movie at slider index: 8,
	Duplicate or missing movie at slider index: 8,
	Duplicate or missing movie at slider index: 8,
	Duplicate or missing movie at slider index: 8,
	Duplicate or missing movie at slider index: 8,
	Duplicate or missing movie at slider index: 9,
	Duplicate or missing movie at slider index: 9,
	Duplicate or missing movie at slider index: 9,
	Duplicate or missing movie at slider index: 9,
	Duplicate or missing movie at slider index: 9,
	Duplicate or missing movie at slider index: 9,
	Movie count mismatch expected [10] but found [4],
	Mismatch at index 2 Front: OTHERS Slider: Together expected [true] but found [false],
	Mismatch at index 3 Front: Mission: Impossible Slider: Kantara - A Legend: Chapter 1 expected [true] but found [false],
	Movie count mismatch expected [10] but found [4],
	Mismatch at index 2 Front: OTHERS Slider: Together expected [true] but found [false],
	Mismatch at index 3 Front: Mission: Impossible Slider: Kantara - A Legend: Chapter 1 expected [true] but found [false],
	Movie count mismatch expected [10] but found [3],
	Mismatch at index 1 Front: Santhana Prapthirasthu Slider: Brat expected [true] but found [false],
	Mismatch at index 2 Front: OTHERS Slider: Kantara - A Legend: Chapter 1 expected [true] but found [false],
	Movie count mismatch expected [10] but found [3],
	Mismatch at index 1 Front: Santhana Prapthirasthu Slider: Brat expected [true] but found [false],
	Mismatch at index 2 Front: OTHERS Slider: Kantara - A Legend: Chapter 1 expected [true] but found [false],
	Movie count mismatch expected [10] but found [3],
	Mismatch at index 1 Front: Santhana Prapthirasthu Slider: Brat expected [true] but found [false],
	Mismatch at index 2 Front: OTHERS Slider: Kantara - A Legend: Chapter 1 expected [true] but found [false],
	Movie count mismatch expected [10] but found [3],
	Mismatch at index 1 Front: Santhana Prapthirasthu Slider: Brat expected [true] but found [false],
	Mismatch at index 2 Front: OTHERS Slider: Kantara - A Legend: Chapter 1 expected [true] but found [false]">
      <![CDATA[java.lang.AssertionError: The following asserts failed:
Description missing for ,
Description missing for ,
Description missing for Brat,
Description missing for Brat,
Description missing for Brat,
Description missing for Brat,
Duplicate or missing movie at slider index: 3,
Duplicate or missing movie at slider index: 3,
Duplicate or missing movie at slider index: 3,
Duplicate or missing movie at slider index: 3,
Duplicate or missing movie at slider index: 4,
Duplicate or missing movie at slider index: 4,
Duplicate or missing movie at slider index: 4,
Duplicate or missing movie at slider index: 4,
Duplicate or missing movie at slider index: 4,
Duplicate or missing movie at slider index: 4,
Duplicate or missing movie at slider index: 5,
Duplicate or missing movie at slider index: 5,
Duplicate or missing movie at slider index: 5,
Duplicate or missing movie at slider index: 5,
Duplicate or missing movie at slider index: 5,
Duplicate or missing movie at slider index: 5,
Duplicate or missing movie at slider index: 6,
Duplicate or missing movie at slider index: 6,
Duplicate or missing movie at slider index: 6,
Duplicate or missing movie at slider index: 6,
Duplicate or missing movie at slider index: 6,
Duplicate or missing movie at slider index: 6,
Duplicate or missing movie at slider index: 7,
Duplicate or missing movie at slider index: 7,
Duplicate or missing movie at slider index: 7,
Duplicate or missing movie at slider index: 7,
Duplicate or missing movie at slider index: 7,
Duplicate or missing movie at slider index: 7,
Duplicate or missing movie at slider index: 8,
Duplicate or missing movie at slider index: 8,
Duplicate or missing movie at slider index: 8,
Duplicate or missing movie at slider index: 8,
Duplicate or missing movie at slider index: 8,
Duplicate or missing movie at slider index: 8,
Duplicate or missing movie at slider index: 9,
Duplicate or missing movie at slider index: 9,
Duplicate or missing movie at slider index: 9,
Duplicate or missing movie at slider index: 9,
Duplicate or missing movie at slider index: 9,
Duplicate or missing movie at slider index: 9,
Movie count mismatch expected [10] but found [4],
Mismatch at index 2 Front: OTHERS Slider: Together expected [true] but found [false],
Mismatch at index 3 Front: Mission: Impossible Slider: Kantara - A Legend: Chapter 1 expected [true] but found [false],
Movie count mismatch expected [10] but found [4],
Mismatch at index 2 Front: OTHERS Slider: Together expected [true] but found [false],
Mismatch at index 3 Front: Mission: Impossible Slider: Kantara - A Legend: Chapter 1 expected [true] but found [false],
Movie count mismatch expected [10] but found [3],
Mismatch at index 1 Front: Santhana Prapthirasthu Slider: Brat expected [true] but found [false],
Mismatch at index 2 Front: OTHERS Slider: Kantara - A Legend: Chapter 1 expected [true] but found [false],
Movie count mismatch expected [10] but found [3],
Mismatch at index 1 Front: Santhana Prapthirasthu Slider: Brat expected [true] but found [false],
Mismatch at index 2 Front: OTHERS Slider: Kantara - A Legend: Chapter 1 expected [true] but found [false],
Movie count mismatch expected [10] but found [3],
Mismatch at index 1 Front: Santhana Prapthirasthu Slider: Brat expected [true] but found [false],
Mismatch at index 2 Front: OTHERS Slider: Kantara - A Legend: Chapter 1 expected [true] but found [false],
Movie count mismatch expected [10] but found [3],
Mismatch at index 1 Front: Santhana Prapthirasthu Slider: Brat expected [true] but found [false],
Mismatch at index 2 Front: OTHERS Slider: Kantara - A Legend: Chapter 1 expected [true] but found [false]
at org.testng.asserts.SoftAssert.assertAll(SoftAssert.java:46)
at org.testng.asserts.SoftAssert.assertAll(SoftAssert.java:30)
at exam2.Slidertest.TC_02_validate_Watch_Tailer_Button_FrontTopTenVsSliderMovies(Slidertest.java:129)
at java.base/jdk.internal.reflect.DirectMethodHandleAccessor.invoke(DirectMethodHandleAccessor.java:104)
at java.base/java.lang.reflect.Method.invoke(Method.java:565)
at org.testng.internal.invokers.MethodInvocationHelper.invokeMethod(MethodInvocationHelper.java:141)
at org.testng.internal.invokers.TestInvoker.invokeMethod(TestInvoker.java:687)
at org.testng.internal.invokers.TestInvoker.invokeTestMethod(TestInvoker.java:230)
at org.testng.internal.invokers.TestMethodWithDataProviderMethodWorker.call(TestMethodWithDataProviderMethodWorker.java:81)
at org.testng.internal.thread.Async$AsyncTask.run(Async.java:34)
at java.base/java.util.concurrent.ThreadPoolExecutor.runWorker(ThreadPoolExecutor.java:1090)
at java.base/java.util.concurrent.ThreadPoolExecutor$Worker.run(ThreadPoolExecutor.java:614)
at java.base/java.lang.Thread.run(Thread.java:1474)
]]>
    </failure>
  </testcase> <!-- TC_02_validate_Watch_Tailer_Button_FrontTopTenVsSliderMovies -->
</testsuite> <!-- Default test -->
