<?xml version="1.0" encoding="UTF-8"?>
<!-- Generated by org.testng.reporters.JUnitXMLReporter -->
<testsuite ignored="0" hostname="Subesh" failures="0" tests="7" name="Lumio Test" time="36.267" errors="0" timestamp="2025-12-29T12:26:36 IST">
  <testcase classname="exam2.LumioTest" name="TC_01_OpenBrowser" time="3.362"/>
  <testcase classname="exam2.LumioTest" name="TC_02_VerifyTitle" time="0.018"/>
  <testcase classname="exam2.LumioTest" name="TC_03_OpenCalendarAndGoToOctober" time="0.867"/>
  <testcase classname="exam2.LumioTest" name="TC_04_ValidateWeeklyContentTillEnd" time="19.148"/>
  <testcase classname="exam2.LumioTest" name="TC_05_ValidateProviders" time="1.33"/>
  <testcase classname="exam2.LumioTest" name="TC_006_ValidatePast3WeekContentProvider" time="10.628"/>
  <testcase classname="exam2.LumioTest" name="TC_08_PageRefreshStability" time="0.528"/>
</testsuite> <!-- Lumio Test -->
