<?xml version="1.0" encoding="UTF-8"?>
<!-- Generated by org.testng.reporters.JUnitXMLReporter -->
<testsuite ignored="3" hostname="Subesh" failures="4" tests="5" name="Test" time="2.68" errors="0" timestamp="2025-12-25T00:47:32 IST">
  <testcase classname="exam2.LomioTestCases" name="TC_08_PageRefreshStability" time="0.014">
    <failure type="java.lang.NullPointerException" message="Cannot invoke &amp;quot;org.openqa.selenium.WebDriver.navigate()&amp;quot; because &amp;quot;this.driver&amp;quot; is null">
      <![CDATA[java.lang.NullPointerException: Cannot invoke "org.openqa.selenium.WebDriver.navigate()" because "this.driver" is null
at exam2.LomioTestCases.TC_08_PageRefreshStability(LomioTestCases.java:309)
at java.base/java.util.concurrent.Executors$RunnableAdapter.call(Executors.java:545)
at java.base/java.util.concurrent.FutureTask.run(FutureTask.java:328)
at java.base/java.util.concurrent.ThreadPoolExecutor.runWorker(ThreadPoolExecutor.java:1090)
at java.base/java.util.concurrent.ThreadPoolExecutor$Worker.run(ThreadPoolExecutor.java:614)
at java.base/java.lang.Thread.run(Thread.java:1474)
... Removed 11 stack frames]]>
    </failure>
  </testcase> <!-- TC_08_PageRefreshStability -->
  <testcase classname="exam2.LomioTestCases" name="TC_02_VerifyTitle" time="0.018">
    <failure type="java.lang.NullPointerException" message="Cannot invoke &amp;quot;org.openqa.selenium.WebDriver.getTitle()&amp;quot; because &amp;quot;this.driver&amp;quot; is null">
      <![CDATA[java.lang.NullPointerException: Cannot invoke "org.openqa.selenium.WebDriver.getTitle()" because "this.driver" is null
at exam2.LomioTestCases.TC_02_VerifyTitle(LomioTestCases.java:78)
at java.base/java.util.concurrent.Executors$RunnableAdapter.call(Executors.java:545)
at java.base/java.util.concurrent.FutureTask.run(FutureTask.java:328)
at java.base/java.util.concurrent.ThreadPoolExecutor.runWorker(ThreadPoolExecutor.java:1090)
at java.base/java.util.concurrent.ThreadPoolExecutor$Worker.run(ThreadPoolExecutor.java:614)
at java.base/java.lang.Thread.run(Thread.java:1474)
... Removed 11 stack frames]]>
    </failure>
  </testcase> <!-- TC_02_VerifyTitle -->
  <testcase classname="exam2.LomioTestCases" name="TC_03_OpenCalendarAndGoToOctober" time="0.028">
    <failure type="java.lang.NullPointerException" message="Cannot invoke &amp;quot;org.openqa.selenium.WebDriver.findElement(org.openqa.selenium.By)&amp;quot; because &amp;quot;this.driver&amp;quot; is null">
      <![CDATA[java.lang.NullPointerException: Cannot invoke "org.openqa.selenium.WebDriver.findElement(org.openqa.selenium.By)" because "this.driver" is null
at exam2.LomioTestCases.TC_03_OpenCalendarAndGoToOctober(LomioTestCases.java:91)
at java.base/java.util.concurrent.Executors$RunnableAdapter.call(Executors.java:545)
at java.base/java.util.concurrent.FutureTask.run(FutureTask.java:328)
at java.base/java.util.concurrent.ThreadPoolExecutor.runWorker(ThreadPoolExecutor.java:1090)
at java.base/java.util.concurrent.ThreadPoolExecutor$Worker.run(ThreadPoolExecutor.java:614)
at java.base/java.lang.Thread.run(Thread.java:1474)
... Removed 11 stack frames]]>
    </failure>
  </testcase> <!-- TC_03_OpenCalendarAndGoToOctober -->
  <testcase classname="exam2.LomioTestCases" name="Tc_007_ValidatecontentProvider" time="0.031">
    <failure type="java.lang.NullPointerException" message="Cannot invoke &amp;quot;org.openqa.selenium.WebDriver.findElements(org.openqa.selenium.By)&amp;quot; because &amp;quot;this.driver&amp;quot; is null">
      <![CDATA[java.lang.NullPointerException: Cannot invoke "org.openqa.selenium.WebDriver.findElements(org.openqa.selenium.By)" because "this.driver" is null
at exam2.LomioTestCases.Tc_007_ValidatecontentProvider(LomioTestCases.java:244)
at java.base/java.util.concurrent.Executors$RunnableAdapter.call(Executors.java:545)
at java.base/java.util.concurrent.FutureTask.run(FutureTask.java:328)
at java.base/java.util.concurrent.ThreadPoolExecutor.runWorker(ThreadPoolExecutor.java:1090)
at java.base/java.util.concurrent.ThreadPoolExecutor$Worker.run(ThreadPoolExecutor.java:614)
at java.base/java.lang.Thread.run(Thread.java:1474)
... Removed 11 stack frames]]>
    </failure>
  </testcase> <!-- Tc_007_ValidatecontentProvider -->
  <testcase classname="exam2.LomioTestCases" name="TC_01_OpenBrowser" time="2.381"/>
  <testcase classname="exam2.LomioTestCases" name="TC_004_ValidateWeeklyContentTillEnd" time="0.0">
    <ignored/>
  </testcase> <!-- TC_004_ValidateWeeklyContentTillEnd -->
  <testcase classname="exam2.LomioTestCases" name="TC_05_ValidateProviders" time="0.0">
    <ignored/>
  </testcase> <!-- TC_05_ValidateProviders -->
  <testcase classname="exam2.LomioTestCases" name="TC_006_ValidatePast3WeekContentProvider" time="0.0">
    <ignored/>
  </testcase> <!-- TC_006_ValidatePast3WeekContentProvider -->
</testsuite> <!-- Test -->
