<?xml version="1.0" encoding="UTF-8"?>
<!-- Generated by org.testng.reporters.JUnitXMLReporter -->
<testsuite ignored="0" hostname="Subesh" failures="0" tests="7" name="Test" time="37.494" errors="0" timestamp="2025-12-29T12:51:11 IST">
  <testcase classname="exam2.LumioTest" name="TC_01_OpenBrowser" time="2.764"/>
  <testcase classname="exam2.LumioTest" name="TC_02_VerifyTitle" time="0.013"/>
  <testcase classname="exam2.LumioTest" name="TC_03_OpenCalendarAndGoToOctober" time="0.762"/>
  <testcase classname="exam2.LumioTest" name="TC_04_ValidateWeeklyContentTillEnd" time="19.624"/>
  <testcase classname="exam2.LumioTest" name="TC_05_ValidateProviders" time="1.318"/>
  <testcase classname="exam2.LumioTest" name="TC_006_ValidatePast3WeekContentProvider" time="12.071"/>
  <testcase classname="exam2.LumioTest" name="TC_08_PageRefreshStability" time="0.591"/>
</testsuite> <!-- Test -->
