<html>
<head>
<title>TestNG:  Test</title>
<link href="../testng.css" rel="stylesheet" type="text/css" />
<link href="../my-testng.css" rel="stylesheet" type="text/css" />

<style type="text/css">
.log { display: none;} 
.stack-trace { display: none;} 
</style>
<script type="text/javascript">
<!--
function flip(e) {
  current = e.style.display;
  if (current == 'block') {
    e.style.display = 'none';
    return 0;
  }
  else {
    e.style.display = 'block';
    return 1;
  }
}

function toggleBox(szDivId, elem, msg1, msg2)
{
  var res = -1;  if (document.getElementById) {
    res = flip(document.getElementById(szDivId));
  }
  else if (document.all) {
    // this is the way old msie versions work
    res = flip(document.all[szDivId]);
  }
  if(elem) {
    if(res == 0) elem.innerHTML = msg1; else elem.innerHTML = msg2;
  }

}

function toggleAllBoxes() {
  if (document.getElementsByTagName) {
    d = document.getElementsByTagName('div');
    for (i = 0; i < d.length; i++) {
      if (d[i].className == 'log') {
        flip(d[i]);
      }
    }
  }
}

// -->
</script>

</head>
<body>
<h2 align='center'>Test</h2><table border='1' align="center">
<tr>
<td>Tests passed/Failed/Skipped:</td><td>7/1/0</td>
</tr><tr>
<td>Started on:</td><td>Mon Dec 29 01:32:20 IST 2025</td>
</tr>
<tr><td>Total time:</td><td>1554 seconds (1554001 ms)</td>
</tr><tr>
<td>Included groups:</td><td></td>
</tr><tr>
<td>Excluded groups:</td><td></td>
</tr>
</table><p/>
<small><i>(Hover the method name to see the test class name)</i></small><p/>
<table width='100%' border='1' class='invocation-failed'>
<tr><td colspan='4' align='center'><b>FAILED TESTS</b></td></tr>
<tr><td><b>Test method</b></td>
<td><b>Attribute(s)</b></td>
<td width="30%"><b>Exception</b></td>
<td width="10%"><b>Time (seconds)</b></td>
<td><b>Instance</b></td>
</tr>
<tr>
<td title='exam2.Slidertest.TC_02_validate_Watch_Tailer_Button_FrontTopTenVsSliderMovies()'><b>TC_02_validate_Watch_Tailer_Button_FrontTopTenVsSliderMovies</b><br>Test class: exam2.Slidertest</td>
<td><div><pre>java.lang.AssertionError: The following asserts failed:
	Description is missing for Sholay,
	❌ Title mismatch at index 0 | Front: Raat Akeli Hai - The Bansal Murders | Slider: Raat Akeli Hai: The Bansal Murders expected [true] but found [false],
	Description is missing for Others,
	⚠️ Duplicate movie detected: Kantara - A Legend: Chapter 1,
	❌ Movie count mismatch (Front vs Slider) expected [10] but found [9],
	❌ Title mismatch at index 4 | Front: Kantara A Legend Chapter | Slider: Kantara - A Legend: Chapter 1 expected [true] but found [false],
	Description is missing for Date with Saie,
	&apos;Play Trailer&apos; button not found for: Date with Saie,
	Movie (Date with Saie) - Play Trailer validation failed,
	❌ Title mismatch at index 8 | Front: Bhagwat Chapter One - Raakshas | Slider: Bhagwat Chapter One: Raakshas expected [true] but found [false],
	Description is missing for Rambo: First Blood,
	Description is missing for Lee,
	Description is missing for Rambo: First Blood Part II
	at exam2.Slidertest.TC_02_validate_Watch_Tailer_Button_FrontTopTenVsSliderMovies(Slidertest.java:176)
	at java.base/java.util.concurrent.Executors$RunnableAdapter.call(Executors.java:545)
	at java.base/java.util.concurrent.FutureTask.run(FutureTask.java:328)
	at java.base/java.util.concurrent.ThreadPoolExecutor.runWorker(ThreadPoolExecutor.java:1090)
	at java.base/java.util.concurrent.ThreadPoolExecutor$Worker.run(ThreadPoolExecutor.java:614)
	at java.base/java.lang.Thread.run(Thread.java:1474)
... Removed 13 stack frames</pre></div><a href='#' onClick='toggleBox("stack-trace943007219", this, "Click to show all stack frames", "Click to hide stack frames")'>Click to show all stack frames</a>
<div class='stack-trace' id='stack-trace943007219'><pre>java.lang.AssertionError: The following asserts failed:
	Description is missing for Sholay,
	❌ Title mismatch at index 0 | Front: Raat Akeli Hai - The Bansal Murders | Slider: Raat Akeli Hai: The Bansal Murders expected [true] but found [false],
	Description is missing for Others,
	⚠️ Duplicate movie detected: Kantara - A Legend: Chapter 1,
	❌ Movie count mismatch (Front vs Slider) expected [10] but found [9],
	❌ Title mismatch at index 4 | Front: Kantara A Legend Chapter | Slider: Kantara - A Legend: Chapter 1 expected [true] but found [false],
	Description is missing for Date with Saie,
	&apos;Play Trailer&apos; button not found for: Date with Saie,
	Movie (Date with Saie) - Play Trailer validation failed,
	❌ Title mismatch at index 8 | Front: Bhagwat Chapter One - Raakshas | Slider: Bhagwat Chapter One: Raakshas expected [true] but found [false],
	Description is missing for Rambo: First Blood,
	Description is missing for Lee,
	Description is missing for Rambo: First Blood Part II
	at org.testng.asserts.SoftAssert.assertAll(SoftAssert.java:46)
	at org.testng.asserts.SoftAssert.assertAll(SoftAssert.java:30)
	at exam2.Slidertest.TC_02_validate_Watch_Tailer_Button_FrontTopTenVsSliderMovies(Slidertest.java:176)
	at java.base/jdk.internal.reflect.DirectMethodHandleAccessor.invoke(DirectMethodHandleAccessor.java:104)
	at java.base/java.lang.reflect.Method.invoke(Method.java:565)
	at org.testng.internal.invokers.MethodInvocationHelper.invokeMethod(MethodInvocationHelper.java:141)
	at org.testng.internal.invokers.TestInvoker.invokeMethod(TestInvoker.java:687)
	at org.testng.internal.invokers.TestInvoker.invokeTestMethod(TestInvoker.java:230)
	at org.testng.internal.invokers.MethodRunner.runInSequence(MethodRunner.java:63)
	at org.testng.internal.invokers.TestInvoker$MethodInvocationAgent.invoke(TestInvoker.java:995)
	at org.testng.internal.invokers.TestInvoker.invokeTestMethods(TestInvoker.java:203)
	at org.testng.internal.invokers.TestMethodWorker.invokeTestMethods(TestMethodWorker.java:154)
	at org.testng.internal.invokers.TestMethodWorker.run(TestMethodWorker.java:134)
	at java.base/java.util.concurrent.Executors$RunnableAdapter.call(Executors.java:545)
	at java.base/java.util.concurrent.FutureTask.run(FutureTask.java:328)
	at org.testng.internal.thread.graph.TestNGFutureTask.run(TestNGFutureTask.java:22)
	at java.base/java.util.concurrent.ThreadPoolExecutor.runWorker(ThreadPoolExecutor.java:1090)
	at java.base/java.util.concurrent.ThreadPoolExecutor$Worker.run(ThreadPoolExecutor.java:614)
	at java.base/java.lang.Thread.run(Thread.java:1474)
</pre></div></td>
<td>1546</td>
<td>exam2.Slidertest@5d9b7a8a</td></tr>
</table><p>
<table width='100%' border='1' class='invocation-passed'>
<tr><td colspan='4' align='center'><b>PASSED TESTS</b></td></tr>
<tr><td><b>Test method</b></td>
<td><b>Attribute(s)</b></td>
<td width="30%"><b>Exception</b></td>
<td width="10%"><b>Time (seconds)</b></td>
<td><b>Instance</b></td>
</tr>
<tr>
<td title='exam2.LumioTest.TC_006_ValidatePast3WeekContentProvider()'><b>TC_006_ValidatePast3WeekContentProvider</b><br>Test class: exam2.LumioTest</td>
<td></td>
<td>68</td>
<td>exam2.LumioTest@6e35bc3d</td></tr>
<tr>
<td title='exam2.LumioTest.TC_05_ValidateProviders()'><b>TC_05_ValidateProviders</b><br>Test class: exam2.LumioTest</td>
<td></td>
<td>16</td>
<td>exam2.LumioTest@6e35bc3d</td></tr>
<tr>
<td title='exam2.LumioTest.TC_08_PageRefreshStability()'><b>TC_08_PageRefreshStability</b><br>Test class: exam2.LumioTest</td>
<td></td>
<td>3</td>
<td>exam2.LumioTest@6e35bc3d</td></tr>
<tr>
<td title='exam2.LumioTest.TC_01_OpenBrowser()'><b>TC_01_OpenBrowser</b><br>Test class: exam2.LumioTest</td>
<td></td>
<td>8</td>
<td>exam2.LumioTest@6e35bc3d</td></tr>
<tr>
<td title='exam2.LumioTest.TC_03_OpenCalendarAndGoToOctober()'><b>TC_03_OpenCalendarAndGoToOctober</b><br>Test class: exam2.LumioTest</td>
<td></td>
<td>2</td>
<td>exam2.LumioTest@6e35bc3d</td></tr>
<tr>
<td title='exam2.LumioTest.TC_02_VerifyTitle()'><b>TC_02_VerifyTitle</b><br>Test class: exam2.LumioTest</td>
<td></td>
<td>0</td>
<td>exam2.LumioTest@6e35bc3d</td></tr>
<tr>
<td title='exam2.LumioTest.TC_04_ValidateWeeklyContentTillEnd()'><b>TC_04_ValidateWeeklyContentTillEnd</b><br>Test class: exam2.LumioTest</td>
<td></td>
<td>100</td>
<td>exam2.LumioTest@6e35bc3d</td></tr>
</table><p>
</body>
</html>