<?xml version="1.0" encoding="UTF-8"?>
<testng-results ignored="1" total="9" passed="7" failed="1" skipped="0">
  <reporter-output>
  </reporter-output>
  <suite started-at="2025-12-29T01:32:20 IST" name="Suite" finished-at="2025-12-29T01:58:14 IST" duration-ms="1554001">
    <groups>
    </groups>
    <test started-at="2025-12-29T01:32:20 IST" name="Test" finished-at="2025-12-29T01:58:14 IST" duration-ms="1554001">
      <class name="exam2.Slidertest">
        <test-method is-config="true" signature="setup()[pri:0, instance:exam2.Slidertest@5d9b7a8a]" started-at="2025-12-29T01:32:20 IST" name="setup" finished-at="2025-12-29T01:32:23 IST" duration-ms="3365" status="PASS">
          <reporter-output>
          </reporter-output>
        </test-method> <!-- setup -->
        <test-method signature="TC_02_validate_Watch_Tailer_Button_FrontTopTenVsSliderMovies()[pri:1, instance:exam2.Slidertest@5d9b7a8a]" started-at="2025-12-29T01:32:23 IST" name="TC_02_validate_Watch_Tailer_Button_FrontTopTenVsSliderMovies" finished-at="2025-12-29T01:58:09 IST" duration-ms="1546268" status="FAIL">
          <exception class="java.lang.AssertionError">
            <message>
              <![CDATA[The following asserts failed:
Description is missing for Sholay,
❌ Title mismatch at index 0 | Front: Raat Akeli Hai - The Bansal Murders | Slider: Raat Akeli Hai: The Bansal Murders expected [true] but found [false],
Description is missing for Others,
⚠️ Duplicate movie detected: Kantara - A Legend: Chapter 1,
❌ Movie count mismatch (Front vs Slider) expected [10] but found [9],
❌ Title mismatch at index 4 | Front: Kantara A Legend Chapter | Slider: Kantara - A Legend: Chapter 1 expected [true] but found [false],
Description is missing for Date with Saie,
'Play Trailer' button not found for: Date with Saie,
Movie (Date with Saie) - Play Trailer validation failed,
❌ Title mismatch at index 8 | Front: Bhagwat Chapter One - Raakshas | Slider: Bhagwat Chapter One: Raakshas expected [true] but found [false],
Description is missing for Rambo: First Blood,
Description is missing for Lee,
Description is missing for Rambo: First Blood Part II]]>
            </message>
            <full-stacktrace>
              <![CDATA[java.lang.AssertionError: The following asserts failed:
Description is missing for Sholay,
❌ Title mismatch at index 0 | Front: Raat Akeli Hai - The Bansal Murders | Slider: Raat Akeli Hai: The Bansal Murders expected [true] but found [false],
Description is missing for Others,
⚠️ Duplicate movie detected: Kantara - A Legend: Chapter 1,
❌ Movie count mismatch (Front vs Slider) expected [10] but found [9],
❌ Title mismatch at index 4 | Front: Kantara A Legend Chapter | Slider: Kantara - A Legend: Chapter 1 expected [true] but found [false],
Description is missing for Date with Saie,
'Play Trailer' button not found for: Date with Saie,
Movie (Date with Saie) - Play Trailer validation failed,
❌ Title mismatch at index 8 | Front: Bhagwat Chapter One - Raakshas | Slider: Bhagwat Chapter One: Raakshas expected [true] but found [false],
Description is missing for Rambo: First Blood,
Description is missing for Lee,
Description is missing for Rambo: First Blood Part II
at org.testng.asserts.SoftAssert.assertAll(SoftAssert.java:46)
at org.testng.asserts.SoftAssert.assertAll(SoftAssert.java:30)
at exam2.Slidertest.TC_02_validate_Watch_Tailer_Button_FrontTopTenVsSliderMovies(Slidertest.java:176)
at java.base/jdk.internal.reflect.DirectMethodHandleAccessor.invoke(DirectMethodHandleAccessor.java:104)
at java.base/java.lang.reflect.Method.invoke(Method.java:565)
at org.testng.internal.invokers.MethodInvocationHelper.invokeMethod(MethodInvocationHelper.java:141)
at org.testng.internal.invokers.TestInvoker.invokeMethod(TestInvoker.java:687)
at org.testng.internal.invokers.TestInvoker.invokeTestMethod(TestInvoker.java:230)
at org.testng.internal.invokers.MethodRunner.runInSequence(MethodRunner.java:63)
at org.testng.internal.invokers.TestInvoker$MethodInvocationAgent.invoke(TestInvoker.java:995)
at org.testng.internal.invokers.TestInvoker.invokeTestMethods(TestInvoker.java:203)
at org.testng.internal.invokers.TestMethodWorker.invokeTestMethods(TestMethodWorker.java:154)
at org.testng.internal.invokers.TestMethodWorker.run(TestMethodWorker.java:134)
at java.base/java.util.concurrent.Executors$RunnableAdapter.call(Executors.java:545)
at java.base/java.util.concurrent.FutureTask.run(FutureTask.java:328)
at org.testng.internal.thread.graph.TestNGFutureTask.run(TestNGFutureTask.java:22)
at java.base/java.util.concurrent.ThreadPoolExecutor.runWorker(ThreadPoolExecutor.java:1090)
at java.base/java.util.concurrent.ThreadPoolExecutor$Worker.run(ThreadPoolExecutor.java:614)
at java.base/java.lang.Thread.run(Thread.java:1474)
]]>
            </full-stacktrace>
          </exception> <!-- java.lang.AssertionError -->
          <reporter-output>
          </reporter-output>
        </test-method> <!-- TC_02_validate_Watch_Tailer_Button_FrontTopTenVsSliderMovies -->
        <test-method is-config="true" signature="teardown()[pri:0, instance:exam2.Slidertest@5d9b7a8a]" started-at="2025-12-29T01:58:09 IST" name="teardown" finished-at="2025-12-29T01:58:14 IST" duration-ms="4265" status="PASS">
          <reporter-output>
          </reporter-output>
        </test-method> <!-- teardown -->
        <test-method is-config="true" signature="matric()[pri:0, instance:exam2.Slidertest@5d9b7a8a]" started-at="2025-12-29T01:58:14 IST" name="matric" finished-at="2025-12-29T01:58:14 IST" duration-ms="3" status="PASS">
          <reporter-output>
          </reporter-output>
        </test-method> <!-- matric -->
      </class> <!-- exam2.Slidertest -->
      <class name="exam2.LumioTest">
        <test-method is-config="true" signature="setupMetrics()[pri:0, instance:exam2.LumioTest@6e35bc3d]" started-at="2025-12-29T01:32:20 IST" name="setupMetrics" finished-at="2025-12-29T01:32:20 IST" duration-ms="35" status="PASS">
          <reporter-output>
          </reporter-output>
        </test-method> <!-- setupMetrics -->
        <test-method signature="TC_01_OpenBrowser()[pri:1, instance:exam2.LumioTest@6e35bc3d]" started-at="2025-12-29T01:32:20 IST" name="TC_01_OpenBrowser" finished-at="2025-12-29T01:32:28 IST" duration-ms="8731" status="PASS">
          <reporter-output>
          </reporter-output>
        </test-method> <!-- TC_01_OpenBrowser -->
        <test-method signature="TC_02_VerifyTitle()[pri:2, instance:exam2.LumioTest@6e35bc3d]" started-at="2025-12-29T01:32:28 IST" name="TC_02_VerifyTitle" finished-at="2025-12-29T01:32:29 IST" duration-ms="100" status="PASS">
          <reporter-output>
          </reporter-output>
        </test-method> <!-- TC_02_VerifyTitle -->
        <test-method signature="TC_03_OpenCalendarAndGoToOctober()[pri:3, instance:exam2.LumioTest@6e35bc3d]" started-at="2025-12-29T01:32:29 IST" name="TC_03_OpenCalendarAndGoToOctober" finished-at="2025-12-29T01:32:31 IST" duration-ms="2829" status="PASS">
          <reporter-output>
          </reporter-output>
        </test-method> <!-- TC_03_OpenCalendarAndGoToOctober -->
        <test-method signature="TC_04_ValidateWeeklyContentTillEnd()[pri:4, instance:exam2.LumioTest@6e35bc3d]" started-at="2025-12-29T01:32:31 IST" name="TC_04_ValidateWeeklyContentTillEnd" finished-at="2025-12-29T01:34:12 IST" duration-ms="100215" status="PASS">
          <reporter-output>
          </reporter-output>
        </test-method> <!-- TC_04_ValidateWeeklyContentTillEnd -->
        <test-method signature="TC_05_ValidateProviders()[pri:5, instance:exam2.LumioTest@6e35bc3d]" started-at="2025-12-29T01:34:12 IST" name="TC_05_ValidateProviders" finished-at="2025-12-29T01:34:28 IST" duration-ms="16731" status="PASS">
          <reporter-output>
          </reporter-output>
        </test-method> <!-- TC_05_ValidateProviders -->
        <test-method signature="TC_006_ValidatePast3WeekContentProvider()[pri:6, instance:exam2.LumioTest@6e35bc3d]" started-at="2025-12-29T01:34:28 IST" name="TC_006_ValidatePast3WeekContentProvider" finished-at="2025-12-29T01:35:37 IST" duration-ms="68633" status="PASS">
          <reporter-output>
          </reporter-output>
        </test-method> <!-- TC_006_ValidatePast3WeekContentProvider -->
        <test-method signature="TC_08_PageRefreshStability()[pri:8, instance:exam2.LumioTest@6e35bc3d]" started-at="2025-12-29T01:35:37 IST" name="TC_08_PageRefreshStability" finished-at="2025-12-29T01:35:41 IST" duration-ms="3632" status="PASS">
          <reporter-output>
          </reporter-output>
        </test-method> <!-- TC_08_PageRefreshStability -->
        <test-method is-config="true" signature="tearDown()[pri:0, instance:exam2.LumioTest@6e35bc3d]" started-at="2025-12-29T01:35:41 IST" name="tearDown" finished-at="2025-12-29T01:35:46 IST" duration-ms="5200" status="PASS">
          <reporter-output>
          </reporter-output>
        </test-method> <!-- tearDown -->
        <test-method is-config="true" signature="printExecutionSummary()[pri:0, instance:exam2.LumioTest@6e35bc3d]" started-at="2025-12-29T01:58:14 IST" name="printExecutionSummary" finished-at="2025-12-29T01:58:14 IST" duration-ms="19" status="PASS">
          <reporter-output>
          </reporter-output>
        </test-method> <!-- printExecutionSummary -->
      </class> <!-- exam2.LumioTest -->
    </test> <!-- Test -->
  </suite> <!-- Suite -->
</testng-results>
