<?xml version="1.0" encoding="UTF-8"?>
<!-- Generated by org.testng.reporters.JUnitReportReporter -->
<testsuite hostname="Subesh" failures="0" tests="8" name="exam2.LumioTest" time="200.871" errors="0" timestamp="2025-12-29T01:58:14 IST" skipped="1">
  <testcase classname="exam2.LumioTest" name="TC_01_OpenBrowser" time="8.731"/>
  <testcase classname="exam2.LumioTest" name="TC_02_VerifyTitle" time="0.100"/>
  <testcase classname="exam2.LumioTest" name="TC_03_OpenCalendarAndGoToOctober" time="2.829"/>
  <testcase classname="exam2.LumioTest" name="TC_04_ValidateWeeklyContentTillEnd" time="100.215"/>
  <testcase classname="exam2.LumioTest" name="TC_05_ValidateProviders" time="16.731"/>
  <testcase classname="exam2.LumioTest" name="TC_006_ValidatePast3WeekContentProvider" time="68.633"/>
  <testcase classname="exam2.LumioTest" name="TC_08_PageRefreshStability" time="3.632"/>
  <testcase classname="exam2.LumioTest" name="Tc_007_ValidatecontentProvider">
    <skipped/>
  </testcase> <!-- Tc_007_ValidatecontentProvider -->
</testsuite> <!-- exam2.LumioTest -->
