<?xml version="1.0" encoding="UTF-8"?>
<!-- Generated by org.testng.reporters.JUnitReportReporter -->
<testsuite hostname="Subesh" failures="1" tests="1" name="exam2.Slidertest" time="1553.898" errors="0" timestamp="2025-12-29T01:58:14 IST" skipped="0">
  <testcase classname="exam2.Slidertest" name="TC_02_validate_Watch_Tailer_Button_FrontTopTenVsSliderMovies" time="1553.898">
    <failure message="The following asserts failed:
	Description is missing for Sholay,
	❌ Title mismatch at index 0 | Front: Raat Akeli Hai - The Bansal Murders | Slider: Raat Akeli Hai: The Bansal Murders expected [true] but found [false],
	Description is missing for Others,
	⚠️ Duplicate movie detected: Kantara - A Legend: Chapter 1,
	❌ Movie count mismatch (Front vs Slider) expected [10] but found [9],
	❌ Title mismatch at index 4 | Front: Kantara A Legend Chapter | Slider: Kantara - A Legend: Chapter 1 expected [true] but found [false],
	Description is missing for Date with Saie,
	&#039;Play Trailer&#039; button not found for: Date with Saie,
	Movie (Date with Saie) - Play Trailer validation failed,
	❌ Title mismatch at index 8 | Front: Bhagwat Chapter One - Raakshas | Slider: Bhagwat Chapter One: Raakshas expected [true] but found [false],
	Description is missing for Rambo: First Blood,
	Description is missing for Lee,
	Description is missing for Rambo: First Blood Part II" type="java.lang.AssertionError">
      <![CDATA[java.lang.AssertionError: The following asserts failed:
Description is missing for Sholay,
❌ Title mismatch at index 0 | Front: Raat Akeli Hai - The Bansal Murders | Slider: Raat Akeli Hai: The Bansal Murders expected [true] but found [false],
Description is missing for Others,
⚠️ Duplicate movie detected: Kantara - A Legend: Chapter 1,
❌ Movie count mismatch (Front vs Slider) expected [10] but found [9],
❌ Title mismatch at index 4 | Front: Kantara A Legend Chapter | Slider: Kantara - A Legend: Chapter 1 expected [true] but found [false],
Description is missing for Date with Saie,
'Play Trailer' button not found for: Date with Saie,
Movie (Date with Saie) - Play Trailer validation failed,
❌ Title mismatch at index 8 | Front: Bhagwat Chapter One - Raakshas | Slider: Bhagwat Chapter One: Raakshas expected [true] but found [false],
Description is missing for Rambo: First Blood,
Description is missing for Lee,
Description is missing for Rambo: First Blood Part II
at org.testng.asserts.SoftAssert.assertAll(SoftAssert.java:46)
at org.testng.asserts.SoftAssert.assertAll(SoftAssert.java:30)
at exam2.Slidertest.TC_02_validate_Watch_Tailer_Button_FrontTopTenVsSliderMovies(Slidertest.java:176)
at java.base/jdk.internal.reflect.DirectMethodHandleAccessor.invoke(DirectMethodHandleAccessor.java:104)
at java.base/java.lang.reflect.Method.invoke(Method.java:565)
at org.testng.internal.invokers.MethodInvocationHelper.invokeMethod(MethodInvocationHelper.java:141)
at org.testng.internal.invokers.TestInvoker.invokeMethod(TestInvoker.java:687)
at org.testng.internal.invokers.TestInvoker.invokeTestMethod(TestInvoker.java:230)
at org.testng.internal.invokers.MethodRunner.runInSequence(MethodRunner.java:63)
at org.testng.internal.invokers.TestInvoker$MethodInvocationAgent.invoke(TestInvoker.java:995)
at org.testng.internal.invokers.TestInvoker.invokeTestMethods(TestInvoker.java:203)
at org.testng.internal.invokers.TestMethodWorker.invokeTestMethods(TestMethodWorker.java:154)
at org.testng.internal.invokers.TestMethodWorker.run(TestMethodWorker.java:134)
at java.base/java.util.concurrent.Executors$RunnableAdapter.call(Executors.java:545)
at java.base/java.util.concurrent.FutureTask.run(FutureTask.java:328)
at org.testng.internal.thread.graph.TestNGFutureTask.run(TestNGFutureTask.java:22)
at java.base/java.util.concurrent.ThreadPoolExecutor.runWorker(ThreadPoolExecutor.java:1090)
at java.base/java.util.concurrent.ThreadPoolExecutor$Worker.run(ThreadPoolExecutor.java:614)
at java.base/java.lang.Thread.run(Thread.java:1474)
]]>
    </failure>
  </testcase> <!-- TC_02_validate_Watch_Tailer_Button_FrontTopTenVsSliderMovies -->
</testsuite> <!-- exam2.Slidertest -->
